{
  "stats": {
    "suites": 1,
    "tests": 10,
    "passes": 9,
    "pending": 0,
    "failures": 1,
    "start": "2024-02-25T14:00:37.032Z",
    "end": "2024-02-25T14:02:55.836Z",
    "duration": 138804,
    "testsRegistered": 10,
    "passPercent": 90,
    "pendingPercent": 0,
    "other": 0,
    "hasOther": false,
    "skipped": 0,
    "hasSkipped": false
  },
  "results": [
    {
      "uuid": "a0b0da41-3ce3-4e98-afac-448624a70cb0",
      "title": "",
      "fullFile": "cypress/e2e/shop_spec.cy.js",
      "file": "cypress/e2e/shop_spec.cy.js",
      "beforeHooks": [],
      "afterHooks": [],
      "tests": [],
      "suites": [
        {
          "uuid": "701adfcf-6d49-4867-a9c7-3763422796ee",
          "title": "The Shop tests spec",
          "fullFile": "",
          "file": "",
          "beforeHooks": [],
          "afterHooks": [],
          "tests": [
            {
              "title": "1.Shop-Filter By Price Functionality",
              "fullTitle": "The Shop tests spec 1.Shop-Filter By Price Functionality",
              "timedOut": null,
              "duration": 17161,
              "state": "passed",
              "speed": "slow",
              "pass": true,
              "fail": false,
              "pending": false,
              "context": null,
              "code": "cy.xpath('//*[@id=\"woocommerce_price_filter-2\"]/form/div/div[2]/div[1]/span[2]').invoke('text', '₹450'); // set price to 150 to450\ncy.wait(2000); // wait for the new price to load \ncy.xpath('//*[@id=\"woocommerce_price_filter-2\"]/form/div/div[2]/button').click(); // click filter to load results \n// filter from high to low\ncy.xpath('//*[@id=\"content\"]/form/select').select('price-desc');\ncy.xpath('//*[@id=\"content\"]/ul/li[1]/a[1]/span[2]/ins/span').invoke('text').then(value => {\n  cy.log(`The Highest is: ${value}`); // Log the value \n});\ncy.xpath('//*[@id=\"content\"]/ul/li[1]/a[1]/span[2]/ins/span').should('include.text', '450'); //the highest cost should be 450\n// filter from low to high\ncy.wait(1000);\ncy.xpath('//*[@id=\"content\"]/form/select').select('price');\ncy.xpath('//*[@id=\"content\"]/ul/li[1]/a[1]/span/span').invoke('text').then(value => {\n  cy.log(`The lowest is: ${value}`); // Log the value \n});\ncy.xpath('//*[@id=\"content\"]/ul/li[1]/a[1]/span/span').should('include.text', '150'); //the highest cost should be 450",
              "err": {},
              "uuid": "2f614510-ba79-48a3-a40b-d4abacf3329d",
              "parentUUID": "701adfcf-6d49-4867-a9c7-3763422796ee",
              "isHook": false,
              "skipped": false
            },
            {
              "title": "2.Shop-Product Categories Functionality",
              "fullTitle": "The Shop tests spec 2.Shop-Product Categories Functionality",
              "timedOut": null,
              "duration": 12765,
              "state": "passed",
              "speed": "slow",
              "pass": true,
              "fail": false,
              "pending": false,
              "context": null,
              "code": "cy.xpath('//*[@id=\"content\"]/form/select').select('price-desc'); // filter from high to low\ncy.wait(2000); //wait for the URl to load\ncy.get('.products').should('be.visible');\ncy.xpath('//*[@id=\"content\"]/ul/li[1]/a[1]/img').click(); // click on the first book \ncy.wait(2000); //wait for the URl to load\ncy.xpath('//*[@id=\"product-160\"]/div[2]/h1').should('include.text', 'Selenium Ruby'); // the book name shoul match",
              "err": {},
              "uuid": "63730b37-daee-4dfb-8e1d-edbc586c056a",
              "parentUUID": "701adfcf-6d49-4867-a9c7-3763422796ee",
              "isHook": false,
              "skipped": false
            },
            {
              "title": "3.Shop-Default Sorting Functionality Popularity",
              "fullTitle": "The Shop tests spec 3.Shop-Default Sorting Functionality Popularity",
              "timedOut": null,
              "duration": 16116,
              "state": "passed",
              "speed": "slow",
              "pass": true,
              "fail": false,
              "pending": false,
              "context": null,
              "code": "cy.xpath('//*[@id=\"content\"]/form/select').select('popularity'); // Sort by popularity\ncy.wait(2000); //wait for the URl to load\ncy.get('.products').should('be.visible');\ncy.xpath('//*[@id=\"content\"]/ul/li[1]/a[1]/img').click(); // click on the first book \ncy.wait(2000); //wait for the URl to load\ncy.xpath('//*[@id=\"product-169\"]/div[2]/h1').should('include.text', 'Android Quick Start Guide'); // the book name shoul match",
              "err": {},
              "uuid": "5db959e6-ad23-4514-8d88-e102d1dc7343",
              "parentUUID": "701adfcf-6d49-4867-a9c7-3763422796ee",
              "isHook": false,
              "skipped": false
            },
            {
              "title": "4.Shop-Default Sorting Functionality Average Ratings ",
              "fullTitle": "The Shop tests spec 4.Shop-Default Sorting Functionality Average Ratings ",
              "timedOut": null,
              "duration": 12646,
              "state": "passed",
              "speed": "slow",
              "pass": true,
              "fail": false,
              "pending": false,
              "context": null,
              "code": "cy.xpath('//*[@id=\"content\"]/form/select').select('rating'); // Sort by rating\ncy.wait(2000); //wait for the URl to load\ncy.get('.products').should('be.visible');\ncy.xpath('//*[@id=\"content\"]/ul/li[1]/a[1]/img').click(); // click on the first book \ncy.wait(2000); //wait for the URl to load\ncy.xpath('//*[@id=\"product-160\"]/div[2]/h1').should('include.text', 'Selenium Ruby'); // the book name shoul match",
              "err": {},
              "uuid": "4561c7b7-7eea-4c73-b417-625a646d3459",
              "parentUUID": "701adfcf-6d49-4867-a9c7-3763422796ee",
              "isHook": false,
              "skipped": false
            },
            {
              "title": "5.Shop-Default Sorting Functionality Newness Ratings ",
              "fullTitle": "The Shop tests spec 5.Shop-Default Sorting Functionality Newness Ratings ",
              "timedOut": null,
              "duration": 16877,
              "state": "passed",
              "speed": "slow",
              "pass": true,
              "fail": false,
              "pending": false,
              "context": null,
              "code": "cy.xpath('//*[@id=\"content\"]/form/select').select('Sort by newness'); // Sort by newness\ncy.wait(3000); //wait for the URl to load\ncy.get('.products').should('be.visible');\ncy.xpath('//*[@id=\"content\"]/ul/li[1]/a[1]/h3').click(); // click on the first book \ncy.wait(3000); //wait for the URl to load\ncy.xpath('//*[@id=\"product-182\"]/div[2]/h1').should('include.text', 'HTML5 WebApp Develpment'); // the book name should match",
              "err": {},
              "uuid": "4bccc388-0755-49b9-bb1c-3bdfa4165444",
              "parentUUID": "701adfcf-6d49-4867-a9c7-3763422796ee",
              "isHook": false,
              "skipped": false
            },
            {
              "title": "6.Shop-Default Sorting Functionality Low to High Ratings ",
              "fullTitle": "The Shop tests spec 6.Shop-Default Sorting Functionality Low to High Ratings ",
              "timedOut": null,
              "duration": 16093,
              "state": "passed",
              "speed": "slow",
              "pass": true,
              "fail": false,
              "pending": false,
              "context": null,
              "code": "cy.xpath('//*[@id=\"content\"]/form/select').select('price'); // Sort by low to high\ncy.wait(3000); //wait for the URl to load\ncy.get('.products').should('be.visible');\ncy.xpath('//*[@id=\"content\"]/ul/li[1]/a[1]/img').click(); // click on the first book \ncy.wait(3000); //wait for the URl to load\ncy.xpath('//*[@id=\"product-180\"]/div[2]/h1').should('include.text', 'JS Data Structures and Algorithm'); // the book name should match",
              "err": {},
              "uuid": "589a1e88-4032-4111-af90-d019bd1b2d7e",
              "parentUUID": "701adfcf-6d49-4867-a9c7-3763422796ee",
              "isHook": false,
              "skipped": false
            },
            {
              "title": "7.Shop-Default Sorting Functionality High to Low Ratings ",
              "fullTitle": "The Shop tests spec 7.Shop-Default Sorting Functionality High to Low Ratings ",
              "timedOut": null,
              "duration": 14552,
              "state": "passed",
              "speed": "slow",
              "pass": true,
              "fail": false,
              "pending": false,
              "context": null,
              "code": "cy.xpath('//*[@id=\"content\"]/form/select').select('price-desc'); // Sort by high to low\ncy.wait(2000); //wait for the URl to load\ncy.get('.products').should('be.visible');\ncy.xpath('//*[@id=\"content\"]/ul/li[1]/a[1]/img').click(); // click on the first book \ncy.wait(2000); //wait for the URl to load\ncy.xpath('//*[@id=\"product-160\"]/div[2]/h1').should('include.text', 'Selenium Ruby'); // the book name should match",
              "err": {},
              "uuid": "84a08963-dc19-4272-8aa8-09258e8061e6",
              "parentUUID": "701adfcf-6d49-4867-a9c7-3763422796ee",
              "isHook": false,
              "skipped": false
            },
            {
              "title": "8.Shop-Read More Functionality\t",
              "fullTitle": "The Shop tests spec 8.Shop-Read More Functionality\t",
              "timedOut": null,
              "duration": 6244,
              "state": "passed",
              "speed": "medium",
              "pass": true,
              "fail": false,
              "pending": false,
              "context": null,
              "code": "// there is no Read more button on the Shop page",
              "err": {},
              "uuid": "964fdc24-203a-4a5c-87a3-4ac6d6391273",
              "parentUUID": "701adfcf-6d49-4867-a9c7-3763422796ee",
              "isHook": false,
              "skipped": false
            },
            {
              "title": "9.Shop-Sale Functionality",
              "fullTitle": "The Shop tests spec 9.Shop-Sale Functionality",
              "timedOut": null,
              "duration": 7824,
              "state": "passed",
              "speed": "medium",
              "pass": true,
              "fail": false,
              "pending": false,
              "context": null,
              "code": "cy.xpath('//*[@id=\"content\"]/ul/li[1]/a[1]/span[1]').should('exist'); // the sales sticker should show\ncy.xpath('//*[@id=\"content\"]/ul/li[1]/a[1]/img').click(); //click on the product \n// look at the sale price with old price \ncy.xpath('//*[@id=\"product-169\"]/div[2]/div[1]/p/del/span').invoke('text').then(oldPrice => {\n  cy.xpath('//*[@id=\"product-169\"]/div[2]/div[1]/p/ins/span').invoke('text').then(newPrice => {\n    cy.log(`Old Price: ${oldPrice}, New Price: ${newPrice}`); // log the prices \n    expect(parseFloat(oldPrice.replace('₹', ''))).to.be.greaterThan(parseFloat(newPrice.replace('₹', ''))); // old price should be high than the new \n  });\n});",
              "err": {},
              "uuid": "168a3b3f-bddd-4631-a75b-139e07d6d724",
              "parentUUID": "701adfcf-6d49-4867-a9c7-3763422796ee",
              "isHook": false,
              "skipped": false
            },
            {
              "title": "10.Shop-Add to Basket-View Basket Functionality",
              "fullTitle": "The Shop tests spec 10.Shop-Add to Basket-View Basket Functionality",
              "timedOut": null,
              "duration": 10688,
              "state": "failed",
              "speed": null,
              "pass": false,
              "fail": true,
              "pending": false,
              "context": null,
              "code": "cy.get('.products').should('be.visible');\ncy.xpath('/html/body/div[1]/div[2]/div/div/ul/li[1]/a[2]').click(); //add the first book to basket \n//cy.wait(1500);\ncy.xpath('//html/body/div[1]/div[1]/header/div[2]/nav/ul/li[6]/a').click(); // view basket\n// Verify total and subtotal values\ncy.xpath('//*[@id=\"page-34\"]/div/div[1]/div/div/table/tbody/tr[1]/td/span').invoke('text').then(subtotal => {\n  cy.xpath('//*[@id=\"page-34\"]/div/div[1]/div/div/table/tbody/tr[3]/td/strong/span').invoke('text').then(total => {\n    cy.log(`subtotal: ${subtotal}, total: ${total}`); // log the prices    \n    expect(parseFloat(subtotal.replace('₹', ''))).to.be.lessThan(parseFloat(total.replace('₹', ''))); //total is less than subtotal\n  });\n  cy.wait(1500);\n  cy.contains('Proceed to Checkout').click();\n  // fill in billing details form \n  cy.get('#billing_first_name').type('Sarah');\n  cy.get('#billing_last_name').type('Smith');\n  cy.get('#billing_email').type('sarah.smith@doctor.com');\n  cy.get('#billing_phone').type('0892348797');\n  cy.get('#select2-chosen-1').type('Republic of Ireland');\n  cy.xpath('//*[@id=\"select2-result-label-433\"]').click();\n  cy.get('#billing_address_1').type('Waterford');\n  cy.get('#billing_city').type('Waterford');\n  cy.get('#billing_state').type('Waterford');\n  cy.get('#payment_method_bacs').check(); //select the payment method Direct Bank Transfer\n  cy.wait(1500);\n  cy.contains('Place order').click();\n  // confirmed the order was made   \n  cy.contains('Thank you. Your order has been received.').should('be.visible');\n  cy.wait(1500);\n  cy.xpath('//*[@id=\"page-35\"]/div/div[1]/h2[1]').should('be.visible'); //Bank details should be visable \n  cy.xpath('//*[@id=\"page-35\"]/div/div[1]/h2[2]').should('be.visible'); //Order details should be visable \n  cy.xpath('//*[@id=\"page-35\"]/div/div[1]/table/tfoot/tr[3]/td').should('be.visible');\n  cy.xpath('//*[@id=\"page-35\"]/div/div[1]/table/tfoot/tr[3]/td').should('include.text', 'Direct Bank Transfer');\n});",
              "err": {
                "message": "CypressError: Timed out retrying after 4050ms: `cy.click()` failed because the page updated while this command was executing. Cypress tried to locate elements based on this query:\n\n> <a.wpmenucart-contents.empty-wpmenucart-visible.updating>\n\nWe initially found matching element(s), but while waiting for them to become actionable, they disappeared from the page. Common situations why this happens:\n  - Your JS framework re-rendered asynchronously\n  - Your app code reacted to an event firing and removed the element\n\nYou can typically solve this by breaking up a chain. For example, rewrite:\n\n> `cy.get('button').click().click()`\n\nto\n\n> `cy.get('button').as('btn').click()`\n> `cy.get('@btn').click()`\n\nhttps://on.cypress.io/element-has-detached-from-dom",
                "estack": "CypressError: Timed out retrying after 4050ms: `cy.click()` failed because the page updated while this command was executing. Cypress tried to locate elements based on this query:\n\n> <a.wpmenucart-contents.empty-wpmenucart-visible.updating>\n\nWe initially found matching element(s), but while waiting for them to become actionable, they disappeared from the page. Common situations why this happens:\n  - Your JS framework re-rendered asynchronously\n  - Your app code reacted to an event firing and removed the element\n\nYou can typically solve this by breaking up a chain. For example, rewrite:\n\n> `cy.get('button').click().click()`\n\nto\n\n> `cy.get('button').as('btn').click()`\n> `cy.get('@btn').click()`\n\nhttps://on.cypress.io/element-has-detached-from-dom\n    at retryActionability (https://practice.automationtesting.in/__cypress/runner/cypress_runner.js:112363:74)\n    at tryCatcher (https://practice.automationtesting.in/__cypress/runner/cypress_runner.js:1807:23)\n    at Promise.attempt.Promise.try (https://practice.automationtesting.in/__cypress/runner/cypress_runner.js:4315:29)\n    at whenStable (https://practice.automationtesting.in/__cypress/runner/cypress_runner.js:143918:68)\n    at <unknown> (https://practice.automationtesting.in/__cypress/runner/cypress_runner.js:143859:14)\n    at tryCatcher (https://practice.automationtesting.in/__cypress/runner/cypress_runner.js:1807:23)\n    at Promise._settlePromiseFromHandler (https://practice.automationtesting.in/__cypress/runner/cypress_runner.js:1519:31)\n    at Promise._settlePromise (https://practice.automationtesting.in/__cypress/runner/cypress_runner.js:1576:18)\n    at Promise._settlePromise0 (https://practice.automationtesting.in/__cypress/runner/cypress_runner.js:1621:10)\n    at Promise._settlePromises (https://practice.automationtesting.in/__cypress/runner/cypress_runner.js:1701:18)\n    at Promise._fulfill (https://practice.automationtesting.in/__cypress/runner/cypress_runner.js:1645:18)\n    at <unknown> (https://practice.automationtesting.in/__cypress/runner/cypress_runner.js:5450:46)\nFrom Your Spec Code:\n    at Context.eval (webpack://shop/./cypress/e2e/shop_spec.cy.js:116:71)",
                "diff": null
              },
              "uuid": "14f88af2-706e-4595-97db-d3f8361afdab",
              "parentUUID": "701adfcf-6d49-4867-a9c7-3763422796ee",
              "isHook": false,
              "skipped": false
            }
          ],
          "suites": [],
          "passes": [
            "2f614510-ba79-48a3-a40b-d4abacf3329d",
            "63730b37-daee-4dfb-8e1d-edbc586c056a",
            "5db959e6-ad23-4514-8d88-e102d1dc7343",
            "4561c7b7-7eea-4c73-b417-625a646d3459",
            "4bccc388-0755-49b9-bb1c-3bdfa4165444",
            "589a1e88-4032-4111-af90-d019bd1b2d7e",
            "84a08963-dc19-4272-8aa8-09258e8061e6",
            "964fdc24-203a-4a5c-87a3-4ac6d6391273",
            "168a3b3f-bddd-4631-a75b-139e07d6d724"
          ],
          "failures": [
            "14f88af2-706e-4595-97db-d3f8361afdab"
          ],
          "pending": [],
          "skipped": [],
          "duration": 130966,
          "root": false,
          "rootEmpty": false,
          "_timeout": 2000
        }
      ],
      "passes": [],
      "failures": [],
      "pending": [],
      "skipped": [],
      "duration": 0,
      "root": true,
      "rootEmpty": true,
      "_timeout": 2000
    }
  ],
  "meta": {
    "mocha": {
      "version": "7.0.1"
    },
    "mochawesome": {
      "options": {
        "quiet": false,
        "reportFilename": "mochawesome",
        "saveHtml": true,
        "saveJson": true,
        "consoleReporter": "spec",
        "useInlineDiffs": false,
        "code": true
      },
      "version": "7.1.3"
    },
    "marge": {
      "options": null,
      "version": "6.2.0"
    }
  }
}