{
  "stats": {
    "suites": 1,
    "tests": 13,
    "passes": 13,
    "pending": 0,
    "failures": 0,
    "start": "2024-02-25T18:55:59.618Z",
    "end": "2024-02-25T19:01:23.655Z",
    "duration": 324037,
    "testsRegistered": 13,
    "passPercent": 100,
    "pendingPercent": 0,
    "other": 0,
    "hasOther": false,
    "skipped": 0,
    "hasSkipped": false
  },
  "results": [
    {
      "uuid": "0f3f5f90-3964-4588-bf7b-e38bdc5c1592",
      "title": "",
      "fullFile": "cypress/e2e/shop_spec.cy.js",
      "file": "cypress/e2e/shop_spec.cy.js",
      "beforeHooks": [],
      "afterHooks": [],
      "tests": [],
      "suites": [
        {
          "uuid": "038090e0-e4f3-48b3-9772-9b6951c6ce9f",
          "title": "The Shop tests spec",
          "fullFile": "",
          "file": "",
          "beforeHooks": [],
          "afterHooks": [],
          "tests": [
            {
              "title": "1. Shop-Filter By Price Functionality",
              "fullTitle": "The Shop tests spec 1. Shop-Filter By Price Functionality",
              "timedOut": null,
              "duration": 38725,
              "state": "passed",
              "speed": "slow",
              "pass": true,
              "fail": false,
              "pending": false,
              "context": null,
              "code": "cy.xpath('//*[@id=\"woocommerce_price_filter-2\"]/form/div/div[2]/div[1]/span[2]').invoke('text', '₹450'); // set price to 150 to450\ncy.wait(2000); // wait for the new price to load \ncy.xpath('//*[@id=\"woocommerce_price_filter-2\"]/form/div/div[2]/button').click(); // click filter to load results \n// filter from high to low\ncy.xpath('//*[@id=\"content\"]/form/select').select('price-desc');\ncy.xpath('//*[@id=\"content\"]/ul/li[1]/a[1]/span[2]/ins/span').invoke('text').then(value => {\n  cy.log(`The Highest is: ${value}`); // Log the value \n});\ncy.xpath('//*[@id=\"content\"]/ul/li[1]/a[1]/span[2]/ins/span').should('include.text', '450'); //the highest cost should be 450\n// filter from low to high\ncy.wait(1000);\ncy.xpath('//*[@id=\"content\"]/form/select').select('price');\ncy.xpath('//*[@id=\"content\"]/ul/li[1]/a[1]/span/span').invoke('text').then(value => {\n  cy.log(`The lowest is: ${value}`); // Log the value \n});\ncy.xpath('//*[@id=\"content\"]/ul/li[1]/a[1]/span/span').should('include.text', '150'); //the highest cost should be 450",
              "err": {},
              "uuid": "01da0f1a-fa45-448d-8937-f1c7737ae4bc",
              "parentUUID": "038090e0-e4f3-48b3-9772-9b6951c6ce9f",
              "isHook": false,
              "skipped": false
            },
            {
              "title": "2.Shop-Product Categories Functionality",
              "fullTitle": "The Shop tests spec 2.Shop-Product Categories Functionality",
              "timedOut": null,
              "duration": 23684,
              "state": "passed",
              "speed": "slow",
              "pass": true,
              "fail": false,
              "pending": false,
              "context": null,
              "code": "cy.xpath('//*[@id=\"content\"]/form/select').select('price-desc'); // filter from high to low\ncy.wait(2000); //wait for the URl to load\ncy.get('.products').should('be.visible');\ncy.xpath('//*[@id=\"content\"]/ul/li[1]/a[1]/img').click(); // click on the first book \ncy.wait(2000); //wait for the URl to load\ncy.xpath('//*[@id=\"product-160\"]/div[2]/h1').should('include.text', 'Selenium Ruby'); // the book name shoul match",
              "err": {},
              "uuid": "f99977e7-0a9f-4628-867a-5272992f462d",
              "parentUUID": "038090e0-e4f3-48b3-9772-9b6951c6ce9f",
              "isHook": false,
              "skipped": false
            },
            {
              "title": "3.Shop-Default Sorting Functionality Popularity",
              "fullTitle": "The Shop tests spec 3.Shop-Default Sorting Functionality Popularity",
              "timedOut": null,
              "duration": 20612,
              "state": "passed",
              "speed": "slow",
              "pass": true,
              "fail": false,
              "pending": false,
              "context": null,
              "code": "cy.xpath('//*[@id=\"content\"]/form/select').select('popularity'); // Sort by popularity\ncy.wait(2000); //wait for the URl to load\ncy.get('.products').should('be.visible');\ncy.xpath('//*[@id=\"content\"]/ul/li[1]/a[1]/img').click(); // click on the first book \ncy.wait(2000); //wait for the URl to load\ncy.xpath('//*[@id=\"product-169\"]/div[2]/h1').should('include.text', 'Android Quick Start Guide'); // the book name shoul match",
              "err": {},
              "uuid": "dcfde2cd-4975-4c28-9205-5a7073577330",
              "parentUUID": "038090e0-e4f3-48b3-9772-9b6951c6ce9f",
              "isHook": false,
              "skipped": false
            },
            {
              "title": "4.Shop-Default Sorting Functionality Average Ratings ",
              "fullTitle": "The Shop tests spec 4.Shop-Default Sorting Functionality Average Ratings ",
              "timedOut": null,
              "duration": 19362,
              "state": "passed",
              "speed": "slow",
              "pass": true,
              "fail": false,
              "pending": false,
              "context": null,
              "code": "cy.xpath('//*[@id=\"content\"]/form/select').select('rating'); // Sort by rating\ncy.wait(2000); //wait for the URl to load\ncy.get('.products').should('be.visible');\ncy.xpath('//*[@id=\"content\"]/ul/li[1]/a[1]/img').click(); // click on the first book \ncy.wait(2000); //wait for the URl to load\ncy.xpath('//*[@id=\"product-160\"]/div[2]/h1').should('include.text', 'Selenium Ruby'); // the book name shoul match",
              "err": {},
              "uuid": "43b9a9e3-28b7-4932-b4aa-1f59915e69f8",
              "parentUUID": "038090e0-e4f3-48b3-9772-9b6951c6ce9f",
              "isHook": false,
              "skipped": false
            },
            {
              "title": "5.Shop-Default Sorting Functionality Newness Ratings ",
              "fullTitle": "The Shop tests spec 5.Shop-Default Sorting Functionality Newness Ratings ",
              "timedOut": null,
              "duration": 28976,
              "state": "passed",
              "speed": "slow",
              "pass": true,
              "fail": false,
              "pending": false,
              "context": null,
              "code": "cy.xpath('//*[@id=\"content\"]/form/select').select('Sort by newness'); // Sort by newness\ncy.wait(3000); //wait for the URl to load\ncy.get('.products').should('be.visible');\ncy.xpath('//*[@id=\"content\"]/ul/li[1]/a[1]/h3').click(); // click on the first book \ncy.wait(3000); //wait for the URl to load\ncy.xpath('//*[@id=\"product-182\"]/div[2]/h1').should('include.text', 'HTML5 WebApp Develpment'); // the book name should match",
              "err": {},
              "uuid": "1d7d5c8c-42a0-4cb0-8aca-d8ad5ab8ff23",
              "parentUUID": "038090e0-e4f3-48b3-9772-9b6951c6ce9f",
              "isHook": false,
              "skipped": false
            },
            {
              "title": "6.Shop-Default Sorting Functionality Low to High Ratings ",
              "fullTitle": "The Shop tests spec 6.Shop-Default Sorting Functionality Low to High Ratings ",
              "timedOut": null,
              "duration": 27830,
              "state": "passed",
              "speed": "slow",
              "pass": true,
              "fail": false,
              "pending": false,
              "context": null,
              "code": "cy.xpath('//*[@id=\"content\"]/form/select').select('price'); // Sort by low to high\ncy.wait(3000); //wait for the URl to load\ncy.get('.products').should('be.visible');\ncy.xpath('//*[@id=\"content\"]/ul/li[1]/a[1]/img').click(); // click on the first book \ncy.wait(3000); //wait for the URl to load\ncy.xpath('//*[@id=\"product-180\"]/div[2]/h1').should('include.text', 'JS Data Structures and Algorithm'); // the book name should match",
              "err": {},
              "uuid": "2e04c0ab-039a-4989-828a-985e6cb8a573",
              "parentUUID": "038090e0-e4f3-48b3-9772-9b6951c6ce9f",
              "isHook": false,
              "skipped": false
            },
            {
              "title": "7.Shop-Default Sorting Functionality High to Low Ratings ",
              "fullTitle": "The Shop tests spec 7.Shop-Default Sorting Functionality High to Low Ratings ",
              "timedOut": null,
              "duration": 22924,
              "state": "passed",
              "speed": "slow",
              "pass": true,
              "fail": false,
              "pending": false,
              "context": null,
              "code": "cy.xpath('//*[@id=\"content\"]/form/select').select('price-desc'); // Sort by high to low\ncy.wait(2000); //wait for the URl to load\ncy.get('.products').should('be.visible');\ncy.xpath('//*[@id=\"content\"]/ul/li[1]/a[1]/img').click(); // click on the first book \ncy.wait(2000); //wait for the URl to load\ncy.xpath('//*[@id=\"product-160\"]/div[2]/h1').should('include.text', 'Selenium Ruby'); // the book name should match",
              "err": {},
              "uuid": "bf5d3d46-d23c-4740-a5e2-d956065fc9c3",
              "parentUUID": "038090e0-e4f3-48b3-9772-9b6951c6ce9f",
              "isHook": false,
              "skipped": false
            },
            {
              "title": "8.Shop-Read More Functionality\t",
              "fullTitle": "The Shop tests spec 8.Shop-Read More Functionality\t",
              "timedOut": null,
              "duration": 16139,
              "state": "passed",
              "speed": "slow",
              "pass": true,
              "fail": false,
              "pending": false,
              "context": null,
              "code": "// there is no Read more button on the Shop page",
              "err": {},
              "uuid": "545dabec-8b7c-4f3a-b1e1-f3a76126e41a",
              "parentUUID": "038090e0-e4f3-48b3-9772-9b6951c6ce9f",
              "isHook": false,
              "skipped": false
            },
            {
              "title": "9.Shop-Sale Functionality",
              "fullTitle": "The Shop tests spec 9.Shop-Sale Functionality",
              "timedOut": null,
              "duration": 17537,
              "state": "passed",
              "speed": "slow",
              "pass": true,
              "fail": false,
              "pending": false,
              "context": null,
              "code": "cy.get('.products').should('be.visible'); // are the products showing\ncy.contains('.products .onsale', 'Sale').click(); // click on the product with \"Sale\" sticker \n// look at the sale price with old price \ncy.xpath('//*[@id=\"product-169\"]/div[2]/div[1]/p/del/span').invoke('text').then(oldPrice => {\n  cy.xpath('//*[@id=\"product-169\"]/div[2]/div[1]/p/ins/span').invoke('text').then(newPrice => {\n    cy.log(`Old Price: ${oldPrice}, New Price: ${newPrice}`); // log the prices \n    expect(parseFloat(oldPrice.replace('₹', ''))).to.be.greaterThan(parseFloat(newPrice.replace('₹', ''))); // old price should be high than the new \n  });\n});",
              "err": {},
              "uuid": "d4fd0a60-ab66-4bc5-b24f-2c9e189b5c67",
              "parentUUID": "038090e0-e4f3-48b3-9772-9b6951c6ce9f",
              "isHook": false,
              "skipped": false
            },
            {
              "title": "10.Shop-Add to Basket-View Basket Functionality",
              "fullTitle": "The Shop tests spec 10.Shop-Add to Basket-View Basket Functionality",
              "timedOut": null,
              "duration": 33351,
              "state": "passed",
              "speed": "slow",
              "pass": true,
              "fail": false,
              "pending": false,
              "context": null,
              "code": "cy.get('.products').should('be.visible'); // Are the products showing\ncy.contains('Add to basket').first().click(); // Click on the \"Add to Basket\" button for a book\ncy.contains('Basket').click(); // view basket\n// Verify total and subtotal values\ncy.xpath('//*[@id=\"page-34\"]/div/div[1]/div/div/table/tbody/tr[1]/td/span').invoke('text').then(subtotal => {\n  cy.xpath('//*[@id=\"page-34\"]/div/div[1]/div/div/table/tbody/tr[3]/td/strong/span').invoke('text').then(total => {\n    cy.log(`subtotal: ${subtotal}, total: ${total}`); // log the prices    \n    //total is less than subtotal\n    expect(parseFloat(subtotal.replace('₹', ''))).to.be.lessThan(parseFloat(total.replace('₹', '')));\n  });\n  cy.wait(1500);\n  cy.xpath('//*[@id=\"page-34\"]/div/div[1]/div/div/div/a').click(); // Click on proceed to checkout button\n  cy.wait(500);\n  // fill in billing details form\n  cy.get('#billing_first_name').type('Sarah');\n  cy.get('#billing_last_name').type('Smith');\n  cy.get('#billing_email').type('sarah.smith@doctor.com');\n  cy.get('#billing_phone').type('0892348797');\n  cy.get('#select2-chosen-1').type('Republic of Ireland');\n  cy.xpath('//*[@id=\"select2-result-label-433\"]').click();\n  cy.wait(1000);\n  cy.get('#billing_address_1').type('Waterford');\n  cy.get('#billing_city').type('Waterford');\n  cy.get('#billing_state').type('Waterford');\n  cy.get('#payment_method_bacs').check(); // Select the payment method Direct Bank Transfer\n  cy.wait(1500);\n  cy.contains('Place order').click();\n  // confirmed the order was made   \n  cy.contains('Thank you. Your order has been received.').should('be.visible');\n  cy.wait(1000);\n  cy.xpath('//*[@id=\"page-35\"]/div/div[1]/h2[1]').should('be.visible'); //Bank details should be visable \n  cy.xpath('//*[@id=\"page-35\"]/div/div[1]/h2[2]').should('be.visible'); //Order details should be visable \n  cy.xpath('//*[@id=\"page-35\"]/div/div[1]/table/tfoot/tr[3]/td').should('be.visible');\n  cy.xpath('//*[@id=\"page-35\"]/div/div[1]/table/tfoot/tr[3]/td').should('include.text', 'Direct Bank Transfer');\n});",
              "err": {},
              "uuid": "f01f24da-5483-4f03-a233-11f3be333118",
              "parentUUID": "038090e0-e4f3-48b3-9772-9b6951c6ce9f",
              "isHook": false,
              "skipped": false
            },
            {
              "title": "11.Shop-Add to Basket-View Basket through Item link",
              "fullTitle": "The Shop tests spec 11.Shop-Add to Basket-View Basket through Item link",
              "timedOut": null,
              "duration": 28550,
              "state": "passed",
              "speed": "slow",
              "pass": true,
              "fail": false,
              "pending": false,
              "context": null,
              "code": "cy.get('.products').should('be.visible'); // are the products showing\ncy.contains('Add to basket').first().click(); // Click on the \"Add to Basket\" button for a book\ncy.get('.cartcontents').should('contain', '1 item'); // Verify that the book is added to the basket\ncy.contains('Basket').click(); // view basket\n// Verify total and subtotal values\ncy.get('.cart-subtotal .amount').invoke('text').then(subtotal => {\n  cy.get('.order-total .amount').invoke('text').then(total => {\n    cy.log(`subtotal: ${subtotal}, total: ${total}`); // log the prices    \n    expect(parseFloat(subtotal.replace('₹', ''))).to.be.lessThan(parseFloat(total.replace('₹', '')));\n  });\n});\ncy.wait(1500);\ncy.xpath('//*[@id=\"page-34\"]/div/div[1]/div/div/div/a').click(); // Click on proceed to checkout button\ncy.wait(500);\n// fill in billing details form \ncy.get('#billing_first_name').type('Sarah');\ncy.get('#billing_last_name').type('Smith');\ncy.get('#billing_email').type('sarah.smith@doctor.com');\ncy.get('#billing_phone').type('0892348797');\ncy.get('#select2-chosen-1').type('Republic of Ireland');\ncy.xpath('//*[@id=\"select2-result-label-433\"]').click();\ncy.wait(1000);\ncy.get('#billing_address_1').type('Waterford');\ncy.get('#billing_city').type('Waterford');\ncy.get('#billing_state').type('Waterford');\ncy.get('#payment_method_bacs').check(); //select the payment method Direct Bank Transfer\ncy.wait(1500);\ncy.contains('Place order').click();\n// confirmed the order was made   \ncy.contains('Thank you. Your order has been received.').should('be.visible');\ncy.wait(1000);\ncy.xpath('//*[@id=\"page-35\"]/div/div[1]/h2[1]').should('be.visible'); //Bank details should be visable \ncy.xpath('//*[@id=\"page-35\"]/div/div[1]/h2[2]').should('be.visible'); //Order details should be visable \ncy.xpath('//*[@id=\"page-35\"]/div/div[1]/table/tfoot/tr[3]/td').should('be.visible');\ncy.xpath('//*[@id=\"page-35\"]/div/div[1]/table/tfoot/tr[3]/td').should('include.text', 'Direct Bank Transfer');",
              "err": {},
              "uuid": "851a76f2-e7fa-4b8b-93a2-04699c5e1d99",
              "parentUUID": "038090e0-e4f3-48b3-9772-9b6951c6ce9f",
              "isHook": false,
              "skipped": false
            },
            {
              "title": "12. Shop-Add to Basket-View Basket-Tax Functionality",
              "fullTitle": "The Shop tests spec 12. Shop-Add to Basket-View Basket-Tax Functionality",
              "timedOut": null,
              "duration": 25625,
              "state": "passed",
              "speed": "slow",
              "pass": true,
              "fail": false,
              "pending": false,
              "context": null,
              "code": "cy.get('.products').should('be.visible'); // are the products showing\ncy.contains('Add to basket').first().click(); // Click on the \"Add to Basket\" button for a book\ncy.get('.cartcontents').should('contain', '1 item'); // Verify that the book is added to the basket\ncy.contains('Basket').click(); // view basket\n// Verify total and subtotal values\ncy.get('.cart-subtotal .amount').invoke('text').then(subtotal => {\n  cy.get('.order-total .amount').invoke('text').then(total => {\n    cy.log(`subtotal: ${subtotal}, total: ${total}`); // log the prices    \n    expect(parseFloat(subtotal.replace('₹', ''))).to.be.lessThan(parseFloat(total.replace('₹', '')));\n  });\n});\ncy.wait(1500);\ncy.xpath('//*[@id=\"page-34\"]/div/div[1]/div/div/div/a').click(); // Click on proceed to checkout button\ncy.wait(500);\n// fill in billing details form \ncy.get('#billing_first_name').type('Sarah');\ncy.get('#billing_last_name').type('Smith');\ncy.get('#billing_email').type('sarah.smith@doctor.com');\ncy.get('#billing_phone').type('0892348797');\ncy.get('#select2-chosen-1').type('Republic of Ireland');\ncy.xpath('//*[@id=\"select2-result-label-433\"]').click();\ncy.wait(1000);\n// then you need to check the tax rate adds is correct for Ieland It sshould be 5%\n// Verify total and subtotal values\ncy.get('.cart-subtotal .amount').invoke('text').then(subtotal => {\n  cy.get('.order-total .amount').invoke('text').then(total => {\n    cy.get('.tax-rate  .amount').invoke('text').then(tax => {\n      // log the prices diff   \n      cy.log(`subtotal: ${subtotal}, total: ${total}, tax: ${tax}`);\n      // the subtotal shound be less that the total \n      // numeric value from the subtotal and total strings\n      expect(parseFloat(subtotal.replace('₹', ''))).to.be.lessThan(parseFloat(total.replace('₹', '')));\n      // calculate the expected tax (5% of subtotal)\n      const taxAmount = parseFloat(tax.replace('₹', ''));\n      const subtotalAmount = parseFloat(subtotal.replace('₹', ''));\n      const expectedTax = 5 / 100 * subtotalAmount; // 5% of the Subtotal amount \n      cy.log(`Calulated Tax: ${expectedTax}`);\n      cy.wait(1000);\n      expect(taxAmount).to.equal(expectedTax); // the calculated tax should equal the tax inthe tax field \n      cy.log(`Calulated Tax: ${expectedTax}, Tax in field: ${taxAmount}`);\n    });\n  });\n});\n// then you need to check the tax rate adds is correct for India It sshould be 2%\ncy.get('#select2-chosen-1').type('India'); // select India\ncy.xpath('//*[@id=\"select2-result-label-891\"]').click(); // dropdown select \ncy.wait(1000);\n// then you need to check the tax rate adds is correct for India It sshould be 2%\n// Verify total and subtotal values\ncy.get('.cart-subtotal .amount').invoke('text').then(subtotal => {\n  cy.get('.order-total .amount').invoke('text').then(total => {\n    cy.get('.tax-rate  .amount').invoke('text').then(tax => {\n      // log the prices diff   \n      cy.log(`subtotal: ${subtotal}, total: ${total}, tax: ${tax}`);\n      // the subtotal shound be less that the total \n      // numeric value from the subtotal and total strings\n      expect(parseFloat(subtotal.replace('₹', ''))).to.be.lessThan(parseFloat(total.replace('₹', '')));\n      // calculate the expected tax (2% of subtotal)\n      const taxAmount = parseFloat(tax.replace('₹', ''));\n      const subtotalAmount = parseFloat(subtotal.replace('₹', ''));\n      const expectedTax = 2 / 100 * subtotalAmount;\n      cy.log(`Calulated Tax: ${expectedTax}`);\n      cy.wait(1000);\n      expect(taxAmount).to.equal(expectedTax);\n      cy.log(`Calulated Tax: ${expectedTax}, Tax in field: ${taxAmount}`);\n    });\n  });\n});",
              "err": {},
              "uuid": "7691d2d4-d9cb-4ac4-b4c1-759b2d6b6ef8",
              "parentUUID": "038090e0-e4f3-48b3-9772-9b6951c6ce9f",
              "isHook": false,
              "skipped": false
            },
            {
              "title": "should verify product count for Android category",
              "fullTitle": "The Shop tests spec should verify product count for Android category",
              "timedOut": null,
              "duration": 15348,
              "state": "passed",
              "speed": "slow",
              "pass": true,
              "fail": false,
              "pending": false,
              "context": null,
              "code": "cy.xpath('//*[@id=\"woocommerce_product_categories-2\"]/ul/li[1]').click(); // Click on the Android category\ncy.wait(1500);\n// Verify the count of products for Android category\ncy.xpath('//*[@id=\"content\"]/ul').should('have.length', 1);",
              "err": {},
              "uuid": "a9efeee4-9fa9-43ab-92d7-8af6fff2c8be",
              "parentUUID": "038090e0-e4f3-48b3-9772-9b6951c6ce9f",
              "isHook": false,
              "skipped": false
            }
          ],
          "suites": [],
          "passes": [
            "01da0f1a-fa45-448d-8937-f1c7737ae4bc",
            "f99977e7-0a9f-4628-867a-5272992f462d",
            "dcfde2cd-4975-4c28-9205-5a7073577330",
            "43b9a9e3-28b7-4932-b4aa-1f59915e69f8",
            "1d7d5c8c-42a0-4cb0-8aca-d8ad5ab8ff23",
            "2e04c0ab-039a-4989-828a-985e6cb8a573",
            "bf5d3d46-d23c-4740-a5e2-d956065fc9c3",
            "545dabec-8b7c-4f3a-b1e1-f3a76126e41a",
            "d4fd0a60-ab66-4bc5-b24f-2c9e189b5c67",
            "f01f24da-5483-4f03-a233-11f3be333118",
            "851a76f2-e7fa-4b8b-93a2-04699c5e1d99",
            "7691d2d4-d9cb-4ac4-b4c1-759b2d6b6ef8",
            "a9efeee4-9fa9-43ab-92d7-8af6fff2c8be"
          ],
          "failures": [],
          "pending": [],
          "skipped": [],
          "duration": 318663,
          "root": false,
          "rootEmpty": false,
          "_timeout": 2000
        }
      ],
      "passes": [],
      "failures": [],
      "pending": [],
      "skipped": [],
      "duration": 0,
      "root": true,
      "rootEmpty": true,
      "_timeout": 2000
    }
  ],
  "meta": {
    "mocha": {
      "version": "7.0.1"
    },
    "mochawesome": {
      "options": {
        "quiet": false,
        "reportFilename": "mochawesome",
        "saveHtml": true,
        "saveJson": true,
        "consoleReporter": "spec",
        "useInlineDiffs": false,
        "code": true
      },
      "version": "7.1.3"
    },
    "marge": {
      "options": null,
      "version": "6.2.0"
    }
  }
}